#
# A fatal error has been detected by the Java Runtime Environment:
#
#  EXCEPTION_ACCESS_VIOLATION (0xc0000005) at pc=0x00007ff955f13ad7, pid=9356, tid=0x0000000000004dd4
#
# JRE version: OpenJDK Runtime Environment (8.0_362-b09) (build 1.8.0_362-b09)
# Java VM: OpenJDK 64-Bit Server VM (25.362-b09 mixed mode windows-amd64 compressed oops)
# Problematic frame:
# C  [imageio88942865326292511.tmp+0x3ad7]
#
# Failed to write core dump. Minidumps are not enabled by default on client versions of Windows
#
# If you would like to submit a bug report, please visit:
#   https://github.com/adoptium/adoptium-support/issues
# The crash happened outside the Java Virtual Machine in native code.
# See problematic frame for where to report the bug.
#

---------------  T H R E A D  ---------------

Current thread (0x0000025957d11800):  JavaThread "modloading-worker-2" daemon [_thread_in_native, id=19924, stack(0x000000eb5b100000,0x000000eb5b200000)]

siginfo: ExceptionCode=0xc0000005, reading address 0x0000000000000010

Registers:
RAX=0x00007ff955fbf470, RBX=0x000000eb5b1fd9ca, RCX=0x0000000000000000, RDX=0x000002597c270000
RSP=0x000000eb5b1fd990, RBP=0x000000eb5b1fda90, RSI=0x0000000000000000, RDI=0x000000eb5b1fd9c8
R8 =0x000002597c372b80, R9 =0x0000000000000001, R10=0x0000000000008000, R11=0x000000eb5b1fd6f0
R12=0x000000000000000f, R13=0x000000000000004f, R14=0x0000025919c6b090, R15=0x000002595878b520
RIP=0x00007ff955f13ad7, EFLAGS=0x0000000000010202

Top of Stack: (sp=0x000000eb5b1fd990)
0x000000eb5b1fd990:   0000000000000000 000000eb5b1fd9ca
0x000000eb5b1fd9a0:   000000eb5b1fd9ca 000000eb5b1fd9c8
0x000000eb5b1fd9b0:   0000000000000060 000000eb5b1fdbc0
0x000000eb5b1fd9c0:   000002590000001f 736f736975783600
0x000000eb5b1fd9d0:   0000000000000069 0000000000000000
0x000000eb5b1fd9e0:   000000000000000f 0000025958e81800
0x000000eb5b1fd9f0:   0000000000000000 0000000000000000
0x000000eb5b1fda00:   000000000000000f 736f736975783630
0x000000eb5b1fda10:   0000000000000069 0000000000000009
0x000000eb5b1fda20:   000000000000000f 0000000000000000
0x000000eb5b1fda30:   0000000000000000 0000000000000000
0x000000eb5b1fda40:   000000000000000f 000002595b65ae00
0x000000eb5b1fda50:   0000000000000000 0000000000000000
0x000000eb5b1fda60:   000000000000000f 000002595b65ae90
0x000000eb5b1fda70:   0000000000000000 0000000000000040
0x000000eb5b1fda80:   0000000000000046 000000005063db27 

Instructions: (pc=0x00007ff955f13ad7)
0x00007ff955f13ab7:   48 8d 8d 38 01 00 00 e8 cd e1 ff ff 90 48 8d 05
0x00007ff955f13ac7:   a5 b9 0a 00 48 8b 8d 38 01 00 00 48 3b c1 74 20
0x00007ff955f13ad7:   4c 8b 41 10 48 83 79 18 10 72 03 48 8b 09 48 8b
0x00007ff955f13ae7:   d1 48 8b c8 e8 20 22 00 00 48 8b 8d 38 01 00 00 


Register to memory mapping:

RAX=0x00007ff955fbf470 is an unknown value
RBX=0x000000eb5b1fd9ca is pointing into the stack for thread: 0x0000025957d11800
RCX=0x0000000000000000 is an unknown value
RDX=0x000002597c270000 is an unknown value
RSP=0x000000eb5b1fd990 is pointing into the stack for thread: 0x0000025957d11800
RBP=0x000000eb5b1fda90 is pointing into the stack for thread: 0x0000025957d11800
RSI=0x0000000000000000 is an unknown value
RDI=0x000000eb5b1fd9c8 is pointing into the stack for thread: 0x0000025957d11800
R8 =0x000002597c372b80 is an unknown value
R9 =0x0000000000000001 is an unknown value
R10=0x0000000000008000 is an unknown value
R11=0x000000eb5b1fd6f0 is pointing into the stack for thread: 0x0000025957d11800
R12=0x000000000000000f is an unknown value
R13=0x000000000000004f is an unknown value
R14=0x0000025919c6b090 is an unknown value
R15=0x000002595878b520 is an unknown value


Stack: [0x000000eb5b100000,0x000000eb5b200000],  sp=0x000000eb5b1fd990,  free space=1014k
Native frames: (J=compiled Java code, j=interpreted, Vv=VM code, C=native code)
C  [imageio88942865326292511.tmp+0x3ad7]
C  0x0000025900024347

Java frames: (J=compiled Java code, j=interpreted, Vv=VM code)
j  net.minecraft.world.Init.execute()V+0
j  net.minecraft.world.Init.<init>()V+4
v  ~StubRoutines::call_stub
J 1272  sun.reflect.NativeConstructorAccessorImpl.newInstance0(Ljava/lang/reflect/Constructor;[Ljava/lang/Object;)Ljava/lang/Object; (0 bytes) @ 0x00000259004a2026 [0x00000259004a1fc0+0x66]
J 1271 C1 sun.reflect.NativeConstructorAccessorImpl.newInstance([Ljava/lang/Object;)Ljava/lang/Object; (89 bytes) @ 0x00000259004ade4c [0x00000259004acd80+0x10cc]
J 8775 C2 java.lang.reflect.Constructor.newInstance([Ljava/lang/Object;)Ljava/lang/Object; (87 bytes) @ 0x0000025901705e2c [0x0000025901705b40+0x2ec]
J 1352 C1 java.lang.Class.newInstance()Ljava/lang/Object; (155 bytes) @ 0x00000259004f1b04 [0x00000259004f11c0+0x944]
j  net.minecraftforge.fml.javafmlmod.FMLModContainer.constructMod()V+29
j  net.minecraftforge.fml.javafmlmod.FMLModContainer$$Lambda$3124.run()V+4
j  net.minecraftforge.fml.ModContainer.lambda$buildTransitionHandler$4(Lnet/minecraftforge/fml/ModContainer;Lnet/minecraftforge/fml/ModLoadingStage$EventGenerator;)V+37
j  net.minecraftforge.fml.ModContainer$$Lambda$3144.run()V+8
j  java.util.concurrent.CompletableFuture$AsyncRun.run$$$capture()V+36
j  java.util.concurrent.CompletableFuture$AsyncRun.run()V+5
j  java.util.concurrent.CompletableFuture$AsyncRun.exec()Z+1
j  java.util.concurrent.ForkJoinTask.doExec$$$capture()I+10
j  java.util.concurrent.ForkJoinTask.doExec()I+5
j  java.util.concurrent.ForkJoinPool$WorkQueue.runTask(Ljava/util/concurrent/ForkJoinTask;)V+21
j  java.util.concurrent.ForkJoinPool.runWorker(Ljava/util/concurrent/ForkJoinPool$WorkQueue;)V+35
j  java.util.concurrent.ForkJoinWorkerThread.run()V+24
v  ~StubRoutines::call_stub

---------------  P R O C E S S  ---------------

Java Threads: ( => current thread )
  0x0000025957d10000 JavaThread "modloading-worker-5" daemon [_thread_blocked, id=11976, stack(0x000000eb5c000000,0x000000eb5c100000)]
  0x0000025957d0d000 JavaThread "modloading-worker-4" daemon [_thread_blocked, id=14048, stack(0x000000eb5bf00000,0x000000eb5c000000)]
  0x0000025957d0e800 JavaThread "modloading-worker-3" daemon [_thread_blocked, id=15540, stack(0x000000eb5be00000,0x000000eb5bf00000)]
=>0x0000025957d11800 JavaThread "modloading-worker-2" daemon [_thread_in_native, id=19924, stack(0x000000eb5b100000,0x000000eb5b200000)]
  0x0000025957d12800 JavaThread "modloading-worker-1" daemon [_thread_blocked, id=11060, stack(0x000000eb5b000000,0x000000eb5b100000)]
  0x0000025957d13800 JavaThread "Snooper Timer" daemon [_thread_blocked, id=3644, stack(0x000000eb59d00000,0x000000eb59e00000)]
  0x0000025957d14000 JavaThread "Timer hack thread" daemon [_thread_blocked, id=16856, stack(0x000000eb5b200000,0x000000eb5b300000)]
  0x00000259582c4800 JavaThread "Worker-Bootstrap-3" daemon [_thread_blocked, id=14864, stack(0x000000eb5b700000,0x000000eb5b800000)]
  0x000002591a4e8000 JavaThread "Thread-2" daemon [_thread_in_native, id=5980, stack(0x000000eb59f00000,0x000000eb5a000000)]
  0x000002591a350800 JavaThread "Thread-1" daemon [_thread_blocked, id=17104, stack(0x000000eb59e00000,0x000000eb59f00000)]
  0x0000025918ef6800 JavaThread "Service Thread" daemon [_thread_blocked, id=21316, stack(0x000000eb59b00000,0x000000eb59c00000)]
  0x0000025918e69000 JavaThread "C1 CompilerThread3" daemon [_thread_blocked, id=2780, stack(0x000000eb59a00000,0x000000eb59b00000)]
  0x0000025918e66800 JavaThread "C2 CompilerThread2" daemon [_thread_blocked, id=3052, stack(0x000000eb59900000,0x000000eb59a00000)]
  0x0000025917157800 JavaThread "C2 CompilerThread1" daemon [_thread_blocked, id=13996, stack(0x000000eb59800000,0x000000eb59900000)]
  0x000002591714c800 JavaThread "C2 CompilerThread0" daemon [_thread_blocked, id=10980, stack(0x000000eb59700000,0x000000eb59800000)]
  0x0000025917137800 JavaThread "JDWP Command Reader" daemon [_thread_in_native, id=13468, stack(0x000000eb59600000,0x000000eb59700000)]
  0x0000025917134000 JavaThread "JDWP Event Helper Thread" daemon [_thread_blocked, id=11548, stack(0x000000eb59500000,0x000000eb59600000)]
  0x000002591712f000 JavaThread "JDWP Transport Listener: dt_socket" daemon [_thread_blocked, id=14252, stack(0x000000eb59400000,0x000000eb59500000)]
  0x0000025917110000 JavaThread "Attach Listener" daemon [_thread_blocked, id=6864, stack(0x000000eb59300000,0x000000eb59400000)]
  0x000002591710f800 JavaThread "Signal Dispatcher" daemon [_thread_blocked, id=9444, stack(0x000000eb59200000,0x000000eb59300000)]
  0x00000259170e2800 JavaThread "Finalizer" daemon [_thread_blocked, id=15400, stack(0x000000eb59100000,0x000000eb59200000)]
  0x00000259170d9000 JavaThread "Reference Handler" daemon [_thread_blocked, id=1872, stack(0x000000eb59000000,0x000000eb59100000)]
  0x000002597c2d8800 JavaThread "Render thread" [_thread_in_Java, id=13420, stack(0x000000eb58600000,0x000000eb58700000)]

Other Threads:
  0x00000259170af000 VMThread [stack: 0x000000eb58f00000,0x000000eb59000000] [id=14392]
  0x0000025918efa000 WatcherThread [stack: 0x000000eb59c00000,0x000000eb59d00000] [id=20000]

VM state:not at safepoint (normal execution)

VM Mutex/Monitor currently owned by a thread: None

heap address: 0x00000006c4e00000, size: 4018 MB, Compressed Oops mode: Zero based, Oop shift amount: 3
Narrow klass base: 0x0000000000000000, Narrow klass shift: 3
Compressed class space size: 1073741824 Address: 0x00000007c0000000

Heap:
 PSYoungGen      total 1354752K, used 728326K [0x000000076c500000, 0x00000007c0000000, 0x00000007c0000000)
  eden space 1338368K, 53% used [0x000000076c500000,0x0000000798131858,0x00000007be000000)
  from space 16384K, 69% used [0x00000007bf000000,0x00000007bfb10000,0x00000007c0000000)
  to   space 16384K, 0% used [0x00000007be000000,0x00000007be000000,0x00000007bf000000)
 ParOldGen       total 278016K, used 213457K [0x00000006c4e00000, 0x00000006d5d80000, 0x000000076c500000)
  object space 278016K, 76% used [0x00000006c4e00000,0x00000006d1e74598,0x00000006d5d80000)
 Metaspace       used 70150K, capacity 76735K, committed 76928K, reserved 1114112K
  class space    used 9980K, capacity 11836K, committed 11904K, reserved 1048576K

Card table byte_map: [0x000002597e0b0000,0x000002597e890000] byte_map_base: 0x000002597aa89000

Marking Bits: (ParMarkBitMap*) 0x0000000050e0f7f0
 Begin Bits: [0x000002590f000000, 0x0000025912ec8000)
 End Bits:   [0x0000025912ec8000, 0x0000025916d90000)

Polling page: 0x000002597c440000

CodeCache: size=245760Kb used=24748Kb max_used=26795Kb free=221011Kb
 bounds [0x0000025900000000, 0x0000025901aa0000, 0x000002590f000000]
 total_blobs=8691 nmethods=7313 adapters=1298
 compilation: enabled

Compilation events (10 events):
Event: 38.350 Thread 0x000002591714c800 9701       4       java.util.stream.Collectors$$Lambda$47/574434418::get (8 bytes)
Event: 38.351 Thread 0x000002591714c800 nmethod 9701 0x0000025900cd9710 code [0x0000025900cd9860, 0x0000025900cd9938]
Event: 38.353 Thread 0x0000025918e66800 9702       4       java.util.HashMap$EntrySet::spliterator (16 bytes)
Event: 38.354 Thread 0x0000025918e66800 nmethod 9702 0x0000025900c2abd0 code [0x0000025900c2ad20, 0x0000025900c2ae18]
Event: 59.991 Thread 0x0000025918e69000 9703 % !   3       com.electronwill.nightconfig.core.file.FileWatcher$WatcherThread::run @ 30 (352 bytes)
Event: 59.993 Thread 0x0000025918e69000 nmethod 9703% 0x000002590122ab90 code [0x000002590122b080, 0x000002590122e070]
Event: 60.721 Thread 0x0000025918e69000 9704   !   3       com.electronwill.nightconfig.core.file.FileWatcher$WatcherThread::run (352 bytes)
Event: 60.723 Thread 0x0000025918e69000 nmethod 9704 0x00000259014cb6d0 code [0x00000259014cbbc0, 0x00000259014cea90]
Event: 62.127 Thread 0x000002591714c800 9705       4       java.util.concurrent.LinkedBlockingDeque::unlinkFirst (74 bytes)
Event: 62.127 Thread 0x000002591714c800 nmethod 9705 0x0000025900cd94d0 code [0x0000025900cd9600, 0x0000025900cd9678]

GC Heap History (10 events):
Event: 36.041 GC heap before
{Heap before GC invocations=71 (full 3):
 PSYoungGen      total 1355776K, used 1350080K [0x000000076c500000, 0x00000007c0000000, 0x00000007c0000000)
  eden space 1340416K, 100% used [0x000000076c500000,0x00000007be200000,0x00000007be200000)
  from space 15360K, 62% used [0x00000007be200000,0x00000007beb70000,0x00000007bf100000)
  to   space 15360K, 0% used [0x00000007bf100000,0x00000007bf100000,0x00000007c0000000)
 ParOldGen       total 278016K, used 212657K [0x00000006c4e00000, 0x00000006d5d80000, 0x000000076c500000)
  object space 278016K, 76% used [0x00000006c4e00000,0x00000006d1dac598,0x00000006d5d80000)
 Metaspace       used 70137K, capacity 76735K, committed 76928K, reserved 1114112K
  class space    used 9979K, capacity 11836K, committed 11904K, reserved 1048576K
Event: 36.051 GC heap after
Heap after GC invocations=71 (full 3):
 PSYoungGen      total 1354752K, used 9920K [0x000000076c500000, 0x00000007c0000000, 0x00000007c0000000)
  eden space 1339392K, 0% used [0x000000076c500000,0x000000076c500000,0x00000007be100000)
  from space 15360K, 64% used [0x00000007bf100000,0x00000007bfab0000,0x00000007c0000000)
  to   space 15872K, 0% used [0x00000007be100000,0x00000007be100000,0x00000007bf080000)
 ParOldGen       total 278016K, used 212761K [0x00000006c4e00000, 0x00000006d5d80000, 0x000000076c500000)
  object space 278016K, 76% used [0x00000006c4e00000,0x00000006d1dc6598,0x00000006d5d80000)
 Metaspace       used 70137K, capacity 76735K, committed 76928K, reserved 1114112K
  class space    used 9979K, capacity 11836K, committed 11904K, reserved 1048576K
}
Event: 36.489 GC heap before
{Heap before GC invocations=72 (full 3):
 PSYoungGen      total 1354752K, used 1349312K [0x000000076c500000, 0x00000007c0000000, 0x00000007c0000000)
  eden space 1339392K, 100% used [0x000000076c500000,0x00000007be100000,0x00000007be100000)
  from space 15360K, 64% used [0x00000007bf100000,0x00000007bfab0000,0x00000007c0000000)
  to   space 15872K, 0% used [0x00000007be100000,0x00000007be100000,0x00000007bf080000)
 ParOldGen       total 278016K, used 212761K [0x00000006c4e00000, 0x00000006d5d80000, 0x000000076c500000)
  object space 278016K, 76% used [0x00000006c4e00000,0x00000006d1dc6598,0x00000006d5d80000)
 Metaspace       used 70137K, capacity 76735K, committed 76928K, reserved 1114112K
  class space    used 9979K, capacity 11836K, committed 11904K, reserved 1048576K
Event: 36.502 GC heap after
Heap after GC invocations=72 (full 3):
 PSYoungGen      total 1355264K, used 10208K [0x000000076c500000, 0x00000007c0000000, 0x00000007c0000000)
  eden space 1339392K, 0% used [0x000000076c500000,0x000000076c500000,0x00000007be100000)
  from space 15872K, 64% used [0x00000007be100000,0x00000007beaf8000,0x00000007bf080000)
  to   space 15872K, 0% used [0x00000007bf080000,0x00000007bf080000,0x00000007c0000000)
 ParOldGen       total 278016K, used 212913K [0x00000006c4e00000, 0x00000006d5d80000, 0x000000076c500000)
  object space 278016K, 76% used [0x00000006c4e00000,0x00000006d1dec598,0x00000006d5d80000)
 Metaspace       used 70137K, capacity 76735K, committed 76928K, reserved 1114112K
  class space    used 9979K, capacity 11836K, committed 11904K, reserved 1048576K
}
Event: 36.945 GC heap before
{Heap before GC invocations=73 (full 3):
 PSYoungGen      total 1355264K, used 1349600K [0x000000076c500000, 0x00000007c0000000, 0x00000007c0000000)
  eden space 1339392K, 100% used [0x000000076c500000,0x00000007be100000,0x00000007be100000)
  from space 15872K, 64% used [0x00000007be100000,0x00000007beaf8000,0x00000007bf080000)
  to   space 15872K, 0% used [0x00000007bf080000,0x00000007bf080000,0x00000007c0000000)
 ParOldGen       total 278016K, used 212913K [0x00000006c4e00000, 0x00000006d5d80000, 0x000000076c500000)
  object space 278016K, 76% used [0x00000006c4e00000,0x00000006d1dec598,0x00000006d5d80000)
 Metaspace       used 70137K, capacity 76735K, committed 76928K, reserved 1114112K
  class space    used 9979K, capacity 11836K, committed 11904K, reserved 1048576K
Event: 36.956 GC heap after
Heap after GC invocations=73 (full 3):
 PSYoungGen      total 1355264K, used 10432K [0x000000076c500000, 0x00000007c0000000, 0x00000007c0000000)
  eden space 1339392K, 0% used [0x000000076c500000,0x000000076c500000,0x00000007be100000)
  from space 15872K, 65% used [0x00000007bf080000,0x00000007bfab0000,0x00000007c0000000)
  to   space 15872K, 0% used [0x00000007be100000,0x00000007be100000,0x00000007bf080000)
 ParOldGen       total 278016K, used 213049K [0x00000006c4e00000, 0x00000006d5d80000, 0x000000076c500000)
  object space 278016K, 76% used [0x00000006c4e00000,0x00000006d1e0e598,0x00000006d5d80000)
 Metaspace       used 70137K, capacity 76735K, committed 76928K, reserved 1114112K
  class space    used 9979K, capacity 11836K, committed 11904K, reserved 1048576K
}
Event: 37.429 GC heap before
{Heap before GC invocations=74 (full 3):
 PSYoungGen      total 1355264K, used 1349824K [0x000000076c500000, 0x00000007c0000000, 0x00000007c0000000)
  eden space 1339392K, 100% used [0x000000076c500000,0x00000007be100000,0x00000007be100000)
  from space 15872K, 65% used [0x00000007bf080000,0x00000007bfab0000,0x00000007c0000000)
  to   space 15872K, 0% used [0x00000007be100000,0x00000007be100000,0x00000007bf080000)
 ParOldGen       total 278016K, used 213049K [0x00000006c4e00000, 0x00000006d5d80000, 0x000000076c500000)
  object space 278016K, 76% used [0x00000006c4e00000,0x00000006d1e0e598,0x00000006d5d80000)
 Metaspace       used 70137K, capacity 76735K, committed 76928K, reserved 1114112K
  class space    used 9979K, capacity 11836K, committed 11904K, reserved 1048576K
Event: 37.441 GC heap after
Heap after GC invocations=74 (full 3):
 PSYoungGen      total 1350656K, used 10848K [0x000000076c500000, 0x00000007c0000000, 0x00000007c0000000)
  eden space 1339392K, 0% used [0x000000076c500000,0x000000076c500000,0x00000007be100000)
  from space 11264K, 96% used [0x00000007be100000,0x00000007beb98000,0x00000007bec00000)
  to   space 16384K, 0% used [0x00000007bf000000,0x00000007bf000000,0x00000007c0000000)
 ParOldGen       total 278016K, used 213193K [0x00000006c4e00000, 0x00000006d5d80000, 0x000000076c500000)
  object space 278016K, 76% used [0x00000006c4e00000,0x00000006d1e32598,0x00000006d5d80000)
 Metaspace       used 70137K, capacity 76735K, committed 76928K, reserved 1114112K
  class space    used 9979K, capacity 11836K, committed 11904K, reserved 1048576K
}
Event: 37.930 GC heap before
{Heap before GC invocations=75 (full 3):
 PSYoungGen      total 1350656K, used 1350240K [0x000000076c500000, 0x00000007c0000000, 0x00000007c0000000)
  eden space 1339392K, 100% used [0x000000076c500000,0x00000007be100000,0x00000007be100000)
  from space 11264K, 96% used [0x00000007be100000,0x00000007beb98000,0x00000007bec00000)
  to   space 16384K, 0% used [0x00000007bf000000,0x00000007bf000000,0x00000007c0000000)
 ParOldGen       total 278016K, used 213193K [0x00000006c4e00000, 0x00000006d5d80000, 0x000000076c500000)
  object space 278016K, 76% used [0x00000006c4e00000,0x00000006d1e32598,0x00000006d5d80000)
 Metaspace       used 70137K, capacity 76735K, committed 76928K, reserved 1114112K
  class space    used 9979K, capacity 11836K, committed 11904K, reserved 1048576K
Event: 37.942 GC heap after
Heap after GC invocations=75 (full 3):
 PSYoungGen      total 1354752K, used 11328K [0x000000076c500000, 0x00000007c0000000, 0x00000007c0000000)
  eden space 1338368K, 0% used [0x000000076c500000,0x000000076c500000,0x00000007be000000)
  from space 16384K, 69% used [0x00000007bf000000,0x00000007bfb10000,0x00000007c0000000)
  to   space 16384K, 0% used [0x00000007be000000,0x00000007be000000,0x00000007bf000000)
 ParOldGen       total 278016K, used 213457K [0x00000006c4e00000, 0x00000006d5d80000, 0x000000076c500000)
  object space 278016K, 76% used [0x00000006c4e00000,0x00000006d1e74598,0x00000006d5d80000)
 Metaspace       used 70137K, capacity 76735K, committed 76928K, reserved 1114112K
  class space    used 9979K, capacity 11836K, committed 11904K, reserved 1048576K
}

Deoptimization events (10 events):
Event: 30.815 Thread 0x00000259582c5000 Uncommon trap: reason=unstable_if action=reinterpret pc=0x00000259009c1d80 method=com.mojang.datafixers.types.templates.Product$ProductType.equals(Ljava/lang/Object;ZZ)Z @ 46
Event: 31.459 Thread 0x00000259582c5000 Uncommon trap: reason=unstable_if action=reinterpret pc=0x0000025900bfcbd0 method=com.mojang.datafixers.types.templates.List$ListType.equals(Ljava/lang/Object;ZZ)Z @ 23
Event: 31.463 Thread 0x00000259582c5000 Uncommon trap: reason=unstable_if action=reinterpret pc=0x0000025901125520 method=com.mojang.datafixers.types.templates.Product$ProductType.equals(Ljava/lang/Object;ZZ)Z @ 46
Event: 38.323 Thread 0x00000259582c4800 Uncommon trap: reason=class_check action=maybe_recompile pc=0x0000025900db6694 method=com.mojang.datafixers.TypeRewriteRule$Seq.rewrite(Lcom/mojang/datafixers/types/Type;)Ljava/util/Optional; @ 9
Event: 38.323 Thread 0x00000259582c4800 Uncommon trap: reason=class_check action=maybe_recompile pc=0x0000025900db6694 method=com.mojang.datafixers.TypeRewriteRule$Seq.rewrite(Lcom/mojang/datafixers/types/Type;)Ljava/util/Optional; @ 9
Event: 38.323 Thread 0x00000259582c4800 Uncommon trap: reason=class_check action=maybe_recompile pc=0x0000025900db6694 method=com.mojang.datafixers.TypeRewriteRule$Seq.rewrite(Lcom/mojang/datafixers/types/Type;)Ljava/util/Optional; @ 9
Event: 38.323 Thread 0x00000259582c4800 Uncommon trap: reason=class_check action=maybe_recompile pc=0x0000025900db6694 method=com.mojang.datafixers.TypeRewriteRule$Seq.rewrite(Lcom/mojang/datafixers/types/Type;)Ljava/util/Optional; @ 9
Event: 38.324 Thread 0x00000259582c4800 Uncommon trap: reason=class_check action=maybe_recompile pc=0x00000259002c5628 method=com.mojang.datafixers.TypeRewriteRule$Seq.rewrite(Lcom/mojang/datafixers/types/Type;)Ljava/util/Optional; @ 9
Event: 38.336 Thread 0x00000259582c4800 Uncommon trap: reason=unstable_if action=reinterpret pc=0x0000025900646bd0 method=java.util.concurrent.ForkJoinPool.scan(Ljava/util/concurrent/ForkJoinPool$WorkQueue;I)Ljava/util/concurrent/ForkJoinTask; @ 167
Event: 77.272 Thread 0x000002591712f000 Uncommon trap: reason=unstable_if action=reinterpret pc=0x0000025901103f80 method=com.intellij.rt.debugger.agent.CaptureAgent$CaptureTransformer.transform(Ljava/lang/ClassLoader;Ljava/lang/String;Ljava/lang/Class;Ljava/security/ProtectionDomain;[B)[B @ 5

Classes redefined (1 events):
Event: 77.320 Thread 0x00000259170af000 redefined class name=net.minecraft.world.Init, count=1

Internal exceptions (10 events):
Event: 20.871 Thread 0x0000025957d0e800 Exception <a 'sun/nio/fs/WindowsException'> (0x000000076c53b938) thrown at [J:\jenkins\tmp\workspace\build\src\hotspot\src\share\vm\prims\jni.cpp, line 709]
Event: 20.871 Thread 0x0000025957d0e800 Exception <a 'sun/nio/fs/WindowsException'> (0x000000076c53c3a8) thrown at [J:\jenkins\tmp\workspace\build\src\hotspot\src\share\vm\prims\jni.cpp, line 709]
Event: 20.872 Thread 0x0000025957d0e800 Exception <a 'sun/nio/fs/WindowsException'> (0x000000076c53d648) thrown at [J:\jenkins\tmp\workspace\build\src\hotspot\src\share\vm\prims\jni.cpp, line 709]
Event: 20.872 Thread 0x0000025957d0e800 Exception <a 'sun/nio/fs/WindowsException'> (0x000000076c53deb0) thrown at [J:\jenkins\tmp\workspace\build\src\hotspot\src\share\vm\prims\jni.cpp, line 709]
Event: 20.933 Thread 0x0000025957d0e800 Exception <a 'sun/nio/fs/WindowsException'> (0x00000007709c4488) thrown at [J:\jenkins\tmp\workspace\build\src\hotspot\src\share\vm\prims\jni.cpp, line 709]
Event: 20.933 Thread 0x0000025957d0e800 Exception <a 'sun/nio/fs/WindowsException'> (0x00000007709c4c30) thrown at [J:\jenkins\tmp\workspace\build\src\hotspot\src\share\vm\prims\jni.cpp, line 709]
Event: 20.934 Thread 0x0000025957d0e800 Exception <a 'sun/nio/fs/WindowsException'> (0x00000007709c5928) thrown at [J:\jenkins\tmp\workspace\build\src\hotspot\src\share\vm\prims\jni.cpp, line 709]
Event: 20.934 Thread 0x0000025957d0e800 Exception <a 'sun/nio/fs/WindowsException'> (0x00000007709c62d0) thrown at [J:\jenkins\tmp\workspace\build\src\hotspot\src\share\vm\prims\jni.cpp, line 709]
Event: 20.934 Thread 0x0000025957d0e800 Exception <a 'sun/nio/fs/WindowsException'> (0x00000007709c6ff0) thrown at [J:\jenkins\tmp\workspace\build\src\hotspot\src\share\vm\prims\jni.cpp, line 709]
Event: 20.936 Thread 0x0000025957d0e800 Exception <a 'sun/nio/fs/WindowsException'> (0x00000007709c7798) thrown at [J:\jenkins\tmp\workspace\build\src\hotspot\src\share\vm\prims\jni.cpp, line 709]

Events (10 events):
Event: 68.354 Executing VM operation: RevokeBias done
Event: 68.354 Thread 0x0000025955ea8800 Thread exited: 0x0000025955ea8800
Event: 77.272 Thread 0x000002591712f000 Uncommon trap: trap_request=0xffffff65 fr.pc=0x0000025901103f80
Event: 77.272 Thread 0x000002591712f000 DEOPT PACKING pc=0x0000025901103f80 sp=0x000000eb594fe160
Event: 77.272 Thread 0x000002591712f000 DEOPT UNPACKING pc=0x0000025900045583 sp=0x000000eb594fe098 mode 2
Event: 77.272 Executing VM operation: RedefineClasses
Event: 77.321 Executing VM operation: RedefineClasses done
Event: 80.355 Executing VM operation: RevokeBias
Event: 80.355 Executing VM operation: RevokeBias done
Event: 80.355 Thread 0x000002591b58f000 Thread exited: 0x000002591b58f000


Dynamic libraries:
0x00007ff7d2ff0000 - 0x00007ff7d3035000 	C:\Users\Shaori\.gradle\jdks\jdk8u362-b09\bin\java.exe
0x00007ff9822f0000 - 0x00007ff9824e8000 	C:\WINDOWS\SYSTEM32\ntdll.dll
0x00007ff980600000 - 0x00007ff9806bd000 	C:\WINDOWS\System32\KERNEL32.DLL
0x00007ff97ffc0000 - 0x00007ff9802b6000 	C:\WINDOWS\System32\KERNELBASE.dll
0x00007ff97d220000 - 0x00007ff97d2b0000 	C:\WINDOWS\SYSTEM32\apphelp.dll
0x00007ff9493c0000 - 0x00007ff949423000 	C:\WINDOWS\SYSTEM32\AcGenral.DLL
0x00007ff981e50000 - 0x00007ff981eee000 	C:\WINDOWS\System32\msvcrt.dll
0x00007ff9806d0000 - 0x00007ff98076c000 	C:\WINDOWS\System32\sechost.dll
0x00007ff980ae0000 - 0x00007ff980c06000 	C:\WINDOWS\System32\RPCRT4.dll
0x00007ff980770000 - 0x00007ff9807c5000 	C:\WINDOWS\System32\SHLWAPI.dll
0x00007ff980460000 - 0x00007ff9805fe000 	C:\WINDOWS\System32\USER32.dll
0x00007ff97fb70000 - 0x00007ff97fb92000 	C:\WINDOWS\System32\win32u.dll
0x00007ff980850000 - 0x00007ff98087c000 	C:\WINDOWS\System32\GDI32.dll
0x00007ff97fbd0000 - 0x00007ff97fcea000 	C:\WINDOWS\System32\gdi32full.dll
0x00007ff97fa20000 - 0x00007ff97fabd000 	C:\WINDOWS\System32\msvcp_win.dll
0x00007ff97fd60000 - 0x00007ff97fe60000 	C:\WINDOWS\System32\ucrtbase.dll
0x00007ff980ce0000 - 0x00007ff980e0b000 	C:\WINDOWS\System32\ole32.dll
0x00007ff981ef0000 - 0x00007ff982244000 	C:\WINDOWS\System32\combase.dll
0x00007ff9816d0000 - 0x00007ff981e14000 	C:\WINDOWS\System32\SHELL32.dll
0x00007ff981620000 - 0x00007ff9816cf000 	C:\WINDOWS\System32\ADVAPI32.dll
0x00007ff97f880000 - 0x00007ff97f8ae000 	C:\WINDOWS\SYSTEM32\USERENV.dll
0x00007ff96d410000 - 0x00007ff96d42d000 	C:\WINDOWS\SYSTEM32\MPR.dll
0x00007ff97f8b0000 - 0x00007ff97f8e2000 	C:\WINDOWS\SYSTEM32\SspiCli.dll
0x00007ff981e20000 - 0x00007ff981e50000 	C:\WINDOWS\System32\IMM32.DLL
0x00007ff96c680000 - 0x00007ff96c91a000 	C:\WINDOWS\WinSxS\amd64_microsoft.windows.common-controls_6595b64144ccf1df_6.0.19041.3636_none_60b6a03d71f818d5\COMCTL32.dll
0x00007ff96ab20000 - 0x00007ff96ab35000 	C:\Users\Shaori\.gradle\jdks\jdk8u362-b09\jre\bin\vcruntime140.dll
0x00007ff949040000 - 0x00007ff9490db000 	C:\Users\Shaori\.gradle\jdks\jdk8u362-b09\jre\bin\msvcp140.dll
0x0000000050630000 - 0x0000000050e88000 	C:\Users\Shaori\.gradle\jdks\jdk8u362-b09\jre\bin\server\jvm.dll
0x00007ff9806c0000 - 0x00007ff9806c8000 	C:\WINDOWS\System32\PSAPI.DLL
0x00007ff977db0000 - 0x00007ff977dba000 	C:\WINDOWS\SYSTEM32\VERSION.dll
0x00007ff9759c0000 - 0x00007ff9759e7000 	C:\WINDOWS\SYSTEM32\WINMM.dll
0x00007ff97d190000 - 0x00007ff97d199000 	C:\WINDOWS\SYSTEM32\WSOCK32.dll
0x00007ff980fc0000 - 0x00007ff98102b000 	C:\WINDOWS\System32\WS2_32.dll
0x00007ff97d890000 - 0x00007ff97d8a2000 	C:\WINDOWS\SYSTEM32\kernel.appcore.dll
0x00007ff96eb40000 - 0x00007ff96eb50000 	C:\Users\Shaori\.gradle\jdks\jdk8u362-b09\jre\bin\verify.dll
0x00007ff96a040000 - 0x00007ff96a06b000 	C:\Users\Shaori\.gradle\jdks\jdk8u362-b09\jre\bin\java.dll
0x00007ff969f10000 - 0x00007ff969f46000 	C:\Users\Shaori\.gradle\jdks\jdk8u362-b09\jre\bin\jdwp.dll
0x00007ff97d160000 - 0x00007ff97d169000 	C:\Users\Shaori\.gradle\jdks\jdk8u362-b09\jre\bin\npt.dll
0x00007ff95b770000 - 0x00007ff95b7a0000 	C:\Users\Shaori\.gradle\jdks\jdk8u362-b09\jre\bin\instrument.dll
0x00007ff96aaa0000 - 0x00007ff96aab8000 	C:\Users\Shaori\.gradle\jdks\jdk8u362-b09\jre\bin\zip.dll
0x00007ff97da90000 - 0x00007ff97e22b000 	C:\WINDOWS\SYSTEM32\windows.storage.dll
0x00007ff97f340000 - 0x00007ff97f36d000 	C:\WINDOWS\SYSTEM32\Wldp.dll
0x00007ff980a30000 - 0x00007ff980add000 	C:\WINDOWS\System32\SHCORE.dll
0x00007ff97f900000 - 0x00007ff97f925000 	C:\WINDOWS\SYSTEM32\profapi.dll
0x00007ff978910000 - 0x00007ff97891a000 	C:\Users\Shaori\.gradle\jdks\jdk8u362-b09\jre\bin\dt_socket.dll
0x00007ff97f0a0000 - 0x00007ff97f10a000 	C:\WINDOWS\system32\mswsock.dll
0x00007ff979180000 - 0x00007ff97918d000 	C:\Users\Shaori\.gradle\jdks\jdk8u362-b09\jre\bin\management.dll
0x00007ff9681f0000 - 0x00007ff96820c000 	C:\Users\Shaori\.gradle\jdks\jdk8u362-b09\jre\bin\net.dll
0x00007ff967980000 - 0x00007ff967997000 	C:\WINDOWS\system32\napinsp.dll
0x00007ff967150000 - 0x00007ff96716b000 	C:\WINDOWS\system32\pnrpnsp.dll
0x00007ff967130000 - 0x00007ff967145000 	C:\WINDOWS\system32\wshbth.dll
0x00007ff97b3d0000 - 0x00007ff97b3ed000 	C:\WINDOWS\system32\NLAapi.dll
0x00007ff97ed90000 - 0x00007ff97edcb000 	C:\WINDOWS\SYSTEM32\IPHLPAPI.DLL
0x00007ff97edd0000 - 0x00007ff97ee9a000 	C:\WINDOWS\SYSTEM32\DNSAPI.dll
0x00007ff981030000 - 0x00007ff981038000 	C:\WINDOWS\System32\NSI.dll
0x00007ff967110000 - 0x00007ff967122000 	C:\WINDOWS\System32\winrnr.dll
0x00007ff970ef0000 - 0x00007ff970efa000 	C:\Windows\System32\rasadhlp.dll
0x00007ff9709a0000 - 0x00007ff970a20000 	C:\WINDOWS\System32\fwpuclnt.dll
0x00007ff97fba0000 - 0x00007ff97fbc7000 	C:\WINDOWS\System32\bcrypt.dll
0x00007ff966db0000 - 0x00007ff966dc3000 	C:\Users\Shaori\.gradle\jdks\jdk8u362-b09\jre\bin\nio.dll
0x00007ff96b760000 - 0x00007ff96b784000 	C:\Users\Shaori\.gradle\jdks\jdk8u362-b09\jre\bin\sunec.dll
0x00007ff97f290000 - 0x00007ff97f2a8000 	C:\WINDOWS\SYSTEM32\CRYPTSP.dll
0x00007ff97e9d0000 - 0x00007ff97ea04000 	C:\WINDOWS\system32\rsaenh.dll
0x00007ff9802c0000 - 0x00007ff980342000 	C:\WINDOWS\System32\bcryptprimitives.dll
0x00007ff97f2b0000 - 0x00007ff97f2bc000 	C:\WINDOWS\SYSTEM32\CRYPTBASE.dll
0x00007ff977c60000 - 0x00007ff977c77000 	C:\WINDOWS\SYSTEM32\dhcpcsvc6.DLL
0x00007ff977e80000 - 0x00007ff977e9d000 	C:\WINDOWS\SYSTEM32\dhcpcsvc.DLL
0x00007ff956e80000 - 0x00007ff956ef2000 	C:\Users\Shaori\AppData\Local\Temp\lwjglShaori\3.2.2-build-10\lwjgl.dll
0x00007ff93bb50000 - 0x00007ff93bda1000 	C:\Users\Shaori\AppData\Local\Temp\lwjglShaori\3.2.2-build-10\jemalloc.dll
0x00007ff956e20000 - 0x00007ff956e7e000 	C:\Users\Shaori\AppData\Local\Temp\lwjglShaori\3.2.2-build-10\glfw.dll
0x00007ff97d3c0000 - 0x00007ff97d45e000 	C:\WINDOWS\system32\uxtheme.dll
0x00007ff956f60000 - 0x00007ff956fa5000 	C:\WINDOWS\SYSTEM32\dinput8.dll
0x00007ff972940000 - 0x00007ff972951000 	C:\WINDOWS\SYSTEM32\xinput1_4.dll
0x00007ff97f9d0000 - 0x00007ff97fa1e000 	C:\WINDOWS\System32\cfgmgr32.dll
0x00007ff97f6f0000 - 0x00007ff97f723000 	C:\WINDOWS\SYSTEM32\DEVOBJ.dll
0x00007ff97d5a0000 - 0x00007ff97d5cf000 	C:\WINDOWS\SYSTEM32\dwmapi.dll
0x00007ff9785d0000 - 0x00007ff978722000 	C:\WINDOWS\SYSTEM32\inputhost.dll
0x00007ff980c10000 - 0x00007ff980cdd000 	C:\WINDOWS\System32\OLEAUT32.dll
0x00007ff97c490000 - 0x00007ff97c5e5000 	C:\WINDOWS\SYSTEM32\wintypes.dll
0x00007ff97ced0000 - 0x00007ff97cfc2000 	C:\WINDOWS\SYSTEM32\CoreMessaging.dll
0x00007ff97b540000 - 0x00007ff97b636000 	C:\WINDOWS\SYSTEM32\PROPSYS.dll
0x00007ff97cb60000 - 0x00007ff97cebb000 	C:\WINDOWS\SYSTEM32\CoreUIComponents.dll
0x00007ff97eb10000 - 0x00007ff97eb43000 	C:\WINDOWS\SYSTEM32\ntmarta.dll
0x00007ff980ea0000 - 0x00007ff980fb4000 	C:\WINDOWS\System32\MSCTF.dll
0x00007ff97e230000 - 0x00007ff97e23d000 	C:\WINDOWS\SYSTEM32\HID.DLL
0x00007ff9810d0000 - 0x00007ff98153e000 	C:\WINDOWS\System32\SETUPAPI.DLL
0x00007ff97fcf0000 - 0x00007ff97fd57000 	C:\WINDOWS\System32\WINTRUST.dll
0x00007ff97fe60000 - 0x00007ff97ffbd000 	C:\WINDOWS\System32\CRYPT32.dll
0x00007ff97f530000 - 0x00007ff97f542000 	C:\WINDOWS\SYSTEM32\MSASN1.dll
0x00007ff954ca0000 - 0x00007ff954dc5000 	C:\WINDOWS\SYSTEM32\opengl32.dll
0x00007ff9572e0000 - 0x00007ff95730c000 	C:\WINDOWS\SYSTEM32\GLU32.dll
0x00007ff980350000 - 0x00007ff9803f9000 	C:\WINDOWS\System32\clbcatq.dll
0x00007ff956f30000 - 0x00007ff956f5d000 	C:\WINDOWS\System32\DriverStore\FileRepository\u0395045.inf_amd64_cb9a543331727801\B394905\atig6pxx.dll
0x00007ff9365c0000 - 0x00007ff93ac62000 	C:\WINDOWS\System32\DriverStore\FileRepository\u0395045.inf_amd64_cb9a543331727801\B394905\atio6axx.dll
0x00007ff9730f0000 - 0x00007ff973125000 	C:\WINDOWS\SYSTEM32\amdihk64.dll
0x00007ff97e290000 - 0x00007ff97e383000 	C:\WINDOWS\system32\dxgi.dll
0x00007ff972b60000 - 0x00007ff972b86000 	C:\WINDOWS\system32\d3d12.dll
0x00007ff91bff0000 - 0x00007ff92049e000 	C:\WINDOWS\System32\DriverStore\FileRepository\u0395045.inf_amd64_cb9a543331727801\B394905\amdxc64.dll
0x00007ff955350000 - 0x00007ff95551d000 	C:\WINDOWS\system32\D3D12Core.dll
0x00007ff976380000 - 0x00007ff9763bb000 	C:\WINDOWS\SYSTEM32\dxcore.dll
0x00007ff972b20000 - 0x00007ff972b4a000 	C:\WINDOWS\SYSTEM32\D3DSCache.dll
0x00007ff9798c0000 - 0x00007ff979ac7000 	C:\WINDOWS\SYSTEM32\twinapi.appcore.dll
0x00007ff97bc60000 - 0x00007ff97bec3000 	C:\WINDOWS\SYSTEM32\d3d11.dll
0x00007ff9759f0000 - 0x00007ff975bab000 	C:\WINDOWS\System32\DriverStore\FileRepository\u0395045.inf_amd64_cb9a543331727801\B394905\aticfx64.dll
0x00007ff975890000 - 0x00007ff9758c9000 	C:\WINDOWS\System32\DriverStore\FileRepository\u0395045.inf_amd64_cb9a543331727801\B394905\atiuxp64.dll
0x00007ff973900000 - 0x00007ff975886000 	C:\WINDOWS\System32\DriverStore\FileRepository\u0395045.inf_amd64_cb9a543331727801\B394905\atidxx64.dll
0x00007ff97c5f0000 - 0x00007ff97c7d3000 	C:\WINDOWS\SYSTEM32\dcomp.dll
0x00007ff955fd0000 - 0x00007ff95604f000 	C:\Users\Shaori\AppData\Local\Temp\lwjglShaori\3.2.2-build-10\lwjgl_stb.dll
0x00007ff97ac30000 - 0x00007ff97acde000 	C:\WINDOWS\SYSTEM32\mscms.dll
0x00007ff97aba0000 - 0x00007ff97abb1000 	C:\WINDOWS\SYSTEM32\ColorAdapterClient.dll
0x00007ff956910000 - 0x00007ff956953000 	C:\WINDOWS\SYSTEM32\icm32.dll
0x00007ff9733a0000 - 0x00007ff97349a000 	C:\WINDOWS\SYSTEM32\textinputframework.dll
0x00007ff964b80000 - 0x00007ff964be6000 	C:\WINDOWS\system32\Oleacc.dll
0x00007ff9567d0000 - 0x00007ff956828000 	C:\Users\Shaori\AppData\Local\Temp\lwjglShaori\3.2.2-build-10\lwjgl_opengl.dll
0x00007ff9788e0000 - 0x00007ff9788ed000 	C:\Users\Shaori\.gradle\jdks\jdk8u362-b09\jre\bin\sunmscapi.dll
0x00007ff97f410000 - 0x00007ff97f437000 	C:\WINDOWS\SYSTEM32\ncrypt.dll
0x00007ff97f370000 - 0x00007ff97f3ab000 	C:\WINDOWS\SYSTEM32\NTASN1.dll
0x00007ff970f60000 - 0x00007ff97114d000 	C:\WINDOWS\system32\urlmon.dll
0x00007ff971670000 - 0x00007ff97192c000 	C:\WINDOWS\SYSTEM32\iertutil.dll
0x00007ff970f10000 - 0x00007ff970f38000 	C:\WINDOWS\SYSTEM32\srvcli.dll
0x00007ff97eea0000 - 0x00007ff97eeac000 	C:\WINDOWS\SYSTEM32\netutils.dll
0x00007ff9564c0000 - 0x00007ff956502000 	C:\Users\Shaori\AppData\Local\Temp\jna--1819701542\jna8104361335874331732.dll
0x00007ff955f10000 - 0x00007ff955fc3000 	C:\Users\Shaori\AppData\Local\Temp\imageio88942865326292511.tmp
0x00007ff96e080000 - 0x00007ff96e556000 	C:\WINDOWS\SYSTEM32\WININET.dll
0x00007ff97b670000 - 0x00007ff97b67c000 	C:\WINDOWS\SYSTEM32\VCRUNTIME140_1.dll
0x00007ff966340000 - 0x00007ff966357000 	C:\WINDOWS\SYSTEM32\ondemandconnroutehelper.dll
0x00007ff976cb0000 - 0x00007ff976dba000 	C:\WINDOWS\SYSTEM32\winhttp.dll
0x00007ff977ea0000 - 0x00007ff977eab000 	C:\WINDOWS\SYSTEM32\WINNSI.DLL

VM Arguments:
jvm_args: -agentlib:jdwp=transport=dt_socket,address=127.0.0.1:59853,suspend=y,server=n -Dforge.logging.console.level=debug -Dforge.logging.markers=REGISTRIES -XX:+IgnoreUnrecognizedVMOptions --add-exports=java.base/sun.security.util=ALL-UNNAMED --add-exports=jdk.naming.dns/com.sun.jndi.dns=java.naming --add-opens=java.base/java.util.jar=ALL-UNNAMED -XX:HeapDumpPath=MojangTricksIntelDriversForPerformance_javaw.exe_minecraft.exe.heapdump -Dos.name=Windows 10 -Dos.version=10.0 -javaagent:C:\Users\Shaori\AppData\Local\JetBrains\IdeaIC2023.1\captureAgent\debugger-agent.jar -Dfile.encoding=UTF-8 
java_command: net.minecraftforge.userdev.LaunchTesting --username Mr_Denger --uuid 34690e7ee34a4e86abb45a3ebb846ef2 --accessToken eyJraWQiOiJhYzg0YSIsImFsZyI6IkhTMjU2In0.eyJ4dWlkIjoiMjUzNTQ0MDYzODE5NTM1OCIsImFnZyI6IkFkdWx0Iiwic3ViIjoiMWI1MmMwMTAtN2YyNS00MTA0LTkzNjYtY2YwNTkwMDRlNmU5IiwiYXV0aCI6IlhCT1giLCJucyI6ImRlZmF1bHQiLCJyb2xlcyI6W10sImlzcyI6ImF1dGhlbnRpY2F0aW9uIiwiZmxhZ3MiOlsidHdvZmFjdG9yYXV0aCIsIm1zYW1pZ3JhdGlvbl9zdGFnZTQiLCJvcmRlcnNfMjAyMiJdLCJwcm9maWxlcyI6eyJtYyI6IjM0NjkwZTdlLWUzNGEtNGU4Ni1hYmI0LTVhM2ViYjg0NmVmMiJ9LCJwbGF0Zm9ybSI6Ik9ORVNUT1JFIiwieXVpZCI6ImNmOWYwYTNiNjE3ZTU4N2JjN2QxOWQyZjQ4NzcyZWE5IiwibmJmIjoxNjk3ODA3Nzc5LCJleHAiOjE2OTc4OTQxNzksImlhdCI6MTY5NzgwNzc3OX0.AwJonr9Ju0AOZWIyL491PgJDfUSFYEwZG5fPhVWW0hg --clientId ODJjOWVhZWMtN2YxMC00NDg5LTllMjktZWFiN2I4MDk0NzY4 --xuid 2535440638195358 --userType msa --versionType release
java_class_path (initial): C:\Users\Shaori\.gradle\jdks\jdk8u362-b09\jre\lib\charsets.jar;C:\Users\Shaori\.gradle\jdks\jdk8u362-b09\jre\lib\ext\access-bridge-64.jar;C:\Users\Shaori\.gradle\jdks\jdk8u362-b09\jre\lib\ext\cldrdata.jar;C:\Users\Shaori\.gradle\jdks\jdk8u362-b09\jre\lib\ext\dnsns.jar;C:\Users\Shaori\.gradle\jdks\jdk8u362-b09\jre\lib\ext\jaccess.jar;C:\Users\Shaori\.gradle\jdks\jdk8u362-b09\jre\lib\ext\localedata.jar;C:\Users\Shaori\.gradle\jdks\jdk8u362-b09\jre\lib\ext\nashorn.jar;C:\Users\Shaori\.gradle\jdks\jdk8u362-b09\jre\lib\ext\sunec.jar;C:\Users\Shaori\.gradle\jdks\jdk8u362-b09\jre\lib\ext\sunjce_provider.jar;C:\Users\Shaori\.gradle\jdks\jdk8u362-b09\jre\lib\ext\sunmscapi.jar;C:\Users\Shaori\.gradle\jdks\jdk8u362-b09\jre\lib\ext\sunpkcs11.jar;C:\Users\Shaori\.gradle\jdks\jdk8u362-b09\jre\lib\ext\zipfs.jar;C:\Users\Shaori\.gradle\jdks\jdk8u362-b09\jre\lib\jce.jar;C:\Users\Shaori\.gradle\jdks\jdk8u362-b09\jre\lib\jfr.jar;C:\Users\Shaori\.gradle\jdks\jdk8u362-b09\jre\lib\jsse.jar;C:\Users\Shaori\.gradle\jdks\jdk8u362-b09\jre\lib\management-agent.jar;C:\Users\Shaori\.gradle\jdks\jdk8u362-b09\jre\lib\resources.jar;C:\Users\Shaori\.gradle\jdks\jdk8u362-b09\jre\lib\rt.jar;D:\404Client-Rewrite\build\classes\java\main;D:\404Client-Rewrite\build\resources\main;D:\404Client-Rewrite\libs\annotations.jar;D:\404Client-Rewrite\libs\MainAnnotation.jar;C:\Users\Shaori\.gradle\caches\forge_gradle\minecraft_user_repo\net\minecraftforge\forge\1.16.5-36.2.39_mapped_official_1.16.5\forge-1.16.5-36.2.39_mapped_official_1.16.5-recomp.jar;C:\Users\Shaori\.gradle\caches\forge_gradle\minecraft_user_repo\net\minecraftforge\forge\1.16.5-36.2.39_mapped_official_1.16.5\forge-1.16.5-36.2.39_mapped_official_1.16.5-launcher.jar;C:\Users\Shaori\.gradle\caches\forge_gradle\minecraft_repo\versions\1.16.5\client-extra.jar;C:\Users\Shaori\.gradle\caches\modules-2\files-2.1\net.minecraftforge\mergetool\1.0.9\d1e1ba354a40b5703340b5cb02fdca489cff3646\mergetool-1.0.9-api.jar;C:\Users\Shao
Launcher Type: SUN_STANDARD

Environment Variables:
PATH=C:\Program Files (x86)\Java\jdk1.8.0_351\bin;C:\Program Files\Common Files\Oracle\Java\javapath;C:\Program Files (x86)\Common Files\Oracle\Java\javapath;C:\WINDOWS\system32;C:\WINDOWS;C:\WINDOWS\System32\Wbem;C:\WINDOWS\System32\WindowsPowerShell\v1.0\;C:\WINDOWS\System32\OpenSSH\;C:\Program Files\CMake\bin;C:\Program Files\dotnet\;C:\Windows\Microsoft.NET\Framework64\v4.0.30319;C:\Users\Shaori\AppData\Local\Programs\Python\Python311\Scripts\;C:\Users\Shaori\AppData\Local\Programs\Python\Python311\;C:\Program Files (x86)\Java\jdk1.8.0_351;C:\Users\Shaori\AppData\Local\Microsoft\WindowsApps;C:\Program Files\JetBrains\IntelliJ IDEA Community Edition 2023.1\bin;;C:\Users\Shaori\AppData\Local\Programs\Microsoft VS Code\bin;C:\Users\Shaori\.dotnet\tools
USERNAME=Shaori
OS=Windows_NT
PROCESSOR_IDENTIFIER=AMD64 Family 23 Model 24 Stepping 1, AuthenticAMD



---------------  S Y S T E M  ---------------

OS: Windows 10 , 64 bit Build 19041 (10.0.19041.3636)

CPU:total 8 (initial active 8) (8 cores per cpu, 1 threads per core) family 23 model 24 stepping 1, cmov, cx8, fxsr, mmx, sse, sse2, sse3, ssse3, sse4.1, sse4.2, popcnt, avx, avx2, aes, clmul, mmxext, 3dnowpref, lzcnt, sse4a, tsc, tscinvbit, tscinv, bmi1

Memory: 4k page, physical 16451876k(6564176k free), swap 24578340k(5076684k free)

vm_info: OpenJDK 64-Bit Server VM (25.362-b09) for windows-amd64 JRE (1.8.0_362-b09), built on Jan 18 2023 17:11:58 by "jenkins" with MS VC++ 15.9 (VS2017)

time: Fri Nov 24 23:06:48 2023
timezone: AMD64 Family 23 Model 24 Stepping 1, AuthenticAMD
elapsed time: 85.868956 seconds (0d 0h 1m 25s)

